<?xml version="1.0" encoding="UTF-8"?>
<testsuite xmlns:xsi="http://www.w3.org/2001/XMLSchema-instance" xsi:noNamespaceSchemaLocation="https://maven.apache.org/surefire/maven-surefire-plugin/xsd/surefire-test-report-3.0.xsd" version="3.0" name="cucumber.Options.RunCucumberTest" time="11.411" tests="2" errors="0" skipped="0" failures="0">
  <properties>
[...]
</properties>
  <testcase name="Example #1.1" classname="Examples" time="7.681">
    <system-out><![CDATA[
@AddPlace @Regression
Scenario Outline: Verify if place is being added using AddPlace API &amp#27;[90m# Features/placeValidation.feature:16&amp#27;[0m
  &amp#27;[32mGiven &amp#27;[0m&amp#27;[32mAdd Place API Payload &amp#27;[0m&amp#27;[32m&amp#27;[1m"Siddharth"&amp#27;[0m&amp#27;[32m &amp#27;[0m&amp#27;[32m&amp#27;[1m"English"&amp#27;[0m&amp#27;[32m &amp#27;[0m&amp#27;[32m&amp#27;[1m"Patera"&amp#27;[0m        &amp#27;[90m# stepDefinitions.stepDefinition.add_place_api_payload(java.lang.String,java.lang.String,java.lang.String)&amp#27;[0m
  &amp#27;[32mWhen &amp#27;[0m&amp#27;[32muser Calls &amp#27;[0m&amp#27;[32m&amp#27;[1m"AddPlace"&amp#27;[0m&amp#27;[32m api with &amp#27;[0m&amp#27;[32m&amp#27;[1m"Post"&amp#27;[0m&amp#27;[32m https request&amp#27;[0m          &amp#27;[90m# stepDefinitions.stepDefinition.user_calls_api_with_https_request(java.lang.String,java.lang.String)&amp#27;[0m
  &amp#27;[32mThen &amp#27;[0m&amp#27;[32mthe API call is success with status code &amp#27;[0m&amp#27;[32m&amp#27;[1m200&amp#27;[0m                 &amp#27;[90m# stepDefinitions.stepDefinition.the_api_call_is_success_with_status_code(java.lang.Integer)&amp#27;[0m
  &amp#27;[32mAnd &amp#27;[0m&amp#27;[32m&amp#27;[0m&amp#27;[32m&amp#27;[1m"status"&amp#27;[0m&amp#27;[32m in response body &amp#27;[0m&amp#27;[32m&amp#27;[1m"OK"&amp#27;[0m                                &amp#27;[90m# stepDefinitions.stepDefinition.in_response_body(java.lang.String,java.lang.String)&amp#27;[0m
  &amp#27;[32mAnd &amp#27;[0m&amp#27;[32m&amp#27;[0m&amp#27;[32m&amp#27;[1m"scope"&amp#27;[0m&amp#27;[32m in response body &amp#27;[0m&amp#27;[32m&amp#27;[1m"APP"&amp#27;[0m                                &amp#27;[90m# stepDefinitions.stepDefinition.in_response_body(java.lang.String,java.lang.String)&amp#27;[0m
  &amp#27;[32mAnd &amp#27;[0m&amp#27;[32mverify &amp#27;[0m&amp#27;[32m&amp#27;[1m"Siddharth"&amp#27;[0m&amp#27;[32m on hitting &amp#27;[0m&amp#27;[32m&amp#27;[1m"getPlace"&amp#27;[0m&amp#27;[32m API&amp#27;[0m                  &amp#27;[90m# stepDefinitions.stepDefinition.verify_on_hitting_api(java.lang.String,java.lang.String)&amp#27;[0m
]]></system-out>
  </testcase>
  <testcase name="Verify place being added can be deleted using DeletePlace API" classname="Validating place APIs" time="3.194">
    <system-out><![CDATA[
@deletePlace @Regression
Scenario: Verify place being added can be deleted using DeletePlace API &amp#27;[90m# Features/placeValidation.feature:21&amp#27;[0m
  &amp#27;[32mGiven &amp#27;[0m&amp#27;[32mDeletePlace API Payload&amp#27;[0m                                         &amp#27;[90m# stepDefinitions.stepDefinition.delete_place_api_payload()&amp#27;[0m
  &amp#27;[32mWhen &amp#27;[0m&amp#27;[32muser Calls &amp#27;[0m&amp#27;[32m&amp#27;[1m"deletePlace"&amp#27;[0m&amp#27;[32m api with &amp#27;[0m&amp#27;[32m&amp#27;[1m"Post"&amp#27;[0m&amp#27;[32m https request&amp#27;[0m           &amp#27;[90m# stepDefinitions.stepDefinition.user_calls_api_with_https_request(java.lang.String,java.lang.String)&amp#27;[0m
  &amp#27;[32mThen &amp#27;[0m&amp#27;[32mthe API call is success with status code &amp#27;[0m&amp#27;[32m&amp#27;[1m200&amp#27;[0m                     &amp#27;[90m# stepDefinitions.stepDefinition.the_api_call_is_success_with_status_code(java.lang.Integer)&amp#27;[0m
  &amp#27;[32mAnd &amp#27;[0m&amp#27;[32m&amp#27;[0m&amp#27;[32m&amp#27;[1m"status"&amp#27;[0m&amp#27;[32m in response body &amp#27;[0m&amp#27;[32m&amp#27;[1m"OK"&amp#27;[0m                                    &amp#27;[90m# stepDefinitions.stepDefinition.in_response_body(java.lang.String,java.lang.String)&amp#27;[0m
]]></system-out>
  </testcase>
</testsuite>